0 info it worked if it ends with ok
1 verbose cli [ 'c:\\Program Files\\nodejs\\node.exe',
1 verbose cli   'c:\\Program Files\\nodejs\\node_modules\\npm\\bin\\npm-cli.js',
1 verbose cli   'install',
1 verbose cli   'node-sqlserver' ]
2 info using npm@2.14.4
3 info using node@v4.1.1
4 verbose install initial load of c:\Users\dmika\Documents\vue\package.json
5 verbose installManyTop reading scoped package data from c:\Users\dmika\Documents\vue\node_modules\body-parser\package.json
6 verbose installManyTop reading scoped package data from c:\Users\dmika\Documents\vue\node_modules\express\package.json
7 verbose installManyTop reading scoped package data from c:\Users\dmika\Documents\vue\node_modules\morgan\package.json
8 verbose installManyTop reading scoped package data from c:\Users\dmika\Documents\vue\node_modules\msnodesqlv8\package.json
9 verbose installManyTop reading scoped package data from c:\Users\dmika\Documents\vue\node_modules\mssql\package.json
10 verbose installManyTop reading scoped package data from c:\Users\dmika\Documents\vue\node_modules\pug\package.json
11 verbose installManyTop reading scoped package data from c:\Users\dmika\Documents\vue\node_modules\request\package.json
12 info package.json msnodesqlv8@0.1.45 No license field.
13 verbose readDependencies loading dependencies from c:\Users\dmika\Documents\vue\package.json
14 silly cache add args [ 'node-sqlserver', null ]
15 verbose cache add spec node-sqlserver
16 silly cache add parsed spec Result {
16 silly cache add   raw: 'node-sqlserver',
16 silly cache add   scope: null,
16 silly cache add   name: 'node-sqlserver',
16 silly cache add   rawSpec: '',
16 silly cache add   spec: '*',
16 silly cache add   type: 'range' }
17 silly addNamed node-sqlserver@*
18 verbose addNamed "*" is a valid semver range for node-sqlserver
19 silly addNameRange { name: 'node-sqlserver', range: '*', hasData: false }
20 silly mapToRegistry name node-sqlserver
21 silly mapToRegistry using default registry
22 silly mapToRegistry registry https://registry.npmjs.org/
23 silly mapToRegistry uri https://registry.npmjs.org/node-sqlserver
24 verbose addNameRange registry:https://registry.npmjs.org/node-sqlserver not in flight; fetching
25 verbose request uri https://registry.npmjs.org/node-sqlserver
26 verbose request no auth needed
27 info attempt registry request try #1 at 8:34:24 AM
28 verbose request id 1d5d479a432e4e75
29 http request GET https://registry.npmjs.org/node-sqlserver
30 http 200 https://registry.npmjs.org/node-sqlserver
31 silly get cb [ 200,
31 silly get   { server: 'CouchDB/1.5.0 (Erlang OTP/R16B03)',
31 silly get     etag: '"7Z3YJO93RP85B4EL3WUVQDFJI"',
31 silly get     'content-type': 'application/json',
31 silly get     'content-encoding': 'gzip',
31 silly get     'cache-control': 'max-age=300',
31 silly get     'content-length': '1968',
31 silly get     'accept-ranges': 'bytes',
31 silly get     date: 'Thu, 16 Jun 2016 12:34:25 GMT',
31 silly get     via: '1.1 varnish',
31 silly get     age: '0',
31 silly get     connection: 'keep-alive',
31 silly get     'x-served-by': 'cache-dfw1843-DFW',
31 silly get     'x-cache': 'MISS',
31 silly get     'x-cache-hits': '0',
31 silly get     'x-timer': 'S1466080465.144423,VS0,VE255',
31 silly get     vary: 'Accept-Encoding' } ]
32 verbose get saving node-sqlserver to C:\Users\dmika\AppData\Roaming\npm-cache\registry.npmjs.org\node-sqlserver\.cache.json
33 silly addNameRange number 2 { name: 'node-sqlserver', range: '*', hasData: true }
34 silly addNameRange versions [ 'node-sqlserver', [ '0.1.0' ] ]
35 silly addNamed node-sqlserver@0.1.0
36 verbose addNamed "0.1.0" is a plain semver version for node-sqlserver
37 warn deprecated node-sqlserver@0.1.0: This package has been superseded by msnodesql.
38 silly mapToRegistry name node-sqlserver
39 silly mapToRegistry using default registry
40 silly mapToRegistry registry https://registry.npmjs.org/
41 silly mapToRegistry uri https://registry.npmjs.org/node-sqlserver
42 verbose addRemoteTarball https://registry.npmjs.org/node-sqlserver/-/node-sqlserver-0.1.0.tgz not in flight; adding
43 verbose addRemoteTarball [ 'https://registry.npmjs.org/node-sqlserver/-/node-sqlserver-0.1.0.tgz',
43 verbose addRemoteTarball   '8b6ef6375ca20ca322f9e259bb870747a2cb8e6f' ]
44 info retry fetch attempt 1 at 8:34:25 AM
45 info attempt registry request try #1 at 8:34:25 AM
46 http fetch GET https://registry.npmjs.org/node-sqlserver/-/node-sqlserver-0.1.0.tgz
47 http fetch 200 https://registry.npmjs.org/node-sqlserver/-/node-sqlserver-0.1.0.tgz
48 silly fetchAndShaCheck shasum 8b6ef6375ca20ca322f9e259bb870747a2cb8e6f
49 verbose addTmpTarball C:\Users\dmika\AppData\Local\Temp\npm-17860-5c1108e5\registry.npmjs.org\node-sqlserver\-\node-sqlserver-0.1.0.tgz not in flight; adding
50 verbose addTmpTarball already have metadata; skipping unpack for node-sqlserver@0.1.0
51 silly cache afterAdd node-sqlserver@0.1.0
52 verbose afterAdd C:\Users\dmika\AppData\Roaming\npm-cache\node-sqlserver\0.1.0\package\package.json not in flight; writing
53 verbose afterAdd C:\Users\dmika\AppData\Roaming\npm-cache\node-sqlserver\0.1.0\package\package.json written
54 silly install resolved [ { name: 'node-sqlserver',
54 silly install resolved     description: 'Microsoft Driver for Node.js for SQL Server',
54 silly install resolved     author: { name: 'Microsoft Corp.' },
54 silly install resolved     contributors: [ [Object], [Object], [Object], [Object], [Object] ],
54 silly install resolved     version: '0.1.0',
54 silly install resolved     keywords: [ 'sql', 'database', 'mssql', 'azure', 'sqlserver', 'tds' ],
54 silly install resolved     homepage: 'https://github.com/WindowsAzure/node-sqlserver',
54 silly install resolved     bugs: { name: 'https://github.com/WindowsAzure/node-sqlserver/issues' },
54 silly install resolved     licenses: [ [Object] ],
54 silly install resolved     main: './lib/sql.js',
54 silly install resolved     repository:
54 silly install resolved      { type: 'git',
54 silly install resolved        url: 'git://github.com/WindowsAzure/node-sqlserver.git' },
54 silly install resolved     engines: { node: '0.6' },
54 silly install resolved     devDependencies: { mocha: '0.14.x', async: '0.1.x' },
54 silly install resolved     _npmUser: { name: 'jguerin', email: 'jguerin@microsoft.com' },
54 silly install resolved     _id: 'node-sqlserver@0.1.0',
54 silly install resolved     scripts: { install: 'node-gyp rebuild' },
54 silly install resolved     dependencies: {},
54 silly install resolved     optionalDependencies: {},
54 silly install resolved     _engineSupported: true,
54 silly install resolved     _npmVersion: '1.1.24',
54 silly install resolved     _nodeVersion: 'v0.6.19',
54 silly install resolved     _defaultsLoaded: true,
54 silly install resolved     dist:
54 silly install resolved      { shasum: '8b6ef6375ca20ca322f9e259bb870747a2cb8e6f',
54 silly install resolved        tarball: 'https://registry.npmjs.org/node-sqlserver/-/node-sqlserver-0.1.0.tgz' },
54 silly install resolved     maintainers: [ [Object] ],
54 silly install resolved     directories: {},
54 silly install resolved     deprecated: 'This package has been superseded by msnodesql.',
54 silly install resolved     _shasum: '8b6ef6375ca20ca322f9e259bb870747a2cb8e6f',
54 silly install resolved     _resolved: 'https://registry.npmjs.org/node-sqlserver/-/node-sqlserver-0.1.0.tgz',
54 silly install resolved     _from: 'node-sqlserver@*' } ]
55 info install node-sqlserver@0.1.0 into c:\Users\dmika\Documents\vue
56 info installOne node-sqlserver@0.1.0
57 verbose installOne of node-sqlserver to c:\Users\dmika\Documents\vue not in flight; installing
58 verbose lock using C:\Users\dmika\AppData\Roaming\npm-cache\_locks\node-sqlserver-d4c6ddd052fad116.lock for c:\Users\dmika\Documents\vue\node_modules\node-sqlserver
59 warn engine node-sqlserver@0.1.0: wanted: {"node":"0.6"} (current: {"node":"4.1.1","npm":"2.14.4"})
60 silly install write writing node-sqlserver 0.1.0 to c:\Users\dmika\Documents\vue\node_modules\node-sqlserver
61 verbose unbuild node_modules\node-sqlserver
62 silly gentlyRm c:\Users\dmika\Documents\vue\node_modules\node-sqlserver is being purged from base c:\Users\dmika\Documents\vue
63 verbose gentlyRm don't care about contents; nuking c:\Users\dmika\Documents\vue\node_modules\node-sqlserver
64 verbose tar unpack C:\Users\dmika\AppData\Roaming\npm-cache\node-sqlserver\0.1.0\package.tgz
65 verbose tar unpacking to c:\Users\dmika\Documents\vue\node_modules\node-sqlserver
66 silly gentlyRm c:\Users\dmika\Documents\vue\node_modules\node-sqlserver is being purged
67 verbose gentlyRm don't care about contents; nuking c:\Users\dmika\Documents\vue\node_modules\node-sqlserver
68 silly gunzTarPerm modes [ '777', '666' ]
69 silly gunzTarPerm extractEntry package.json
70 silly gunzTarPerm modified mode [ 'package.json', 420, 438 ]
71 silly gunzTarPerm extractEntry .npmignore
72 silly gunzTarPerm modified mode [ '.npmignore', 420, 438 ]
73 silly gunzTarPerm extractEntry README.md
74 silly gunzTarPerm modified mode [ 'README.md', 420, 438 ]
75 silly gunzTarPerm extractEntry LICENSE
76 silly gunzTarPerm modified mode [ 'LICENSE', 420, 438 ]
77 silly gunzTarPerm extractEntry binding.gyp
78 silly gunzTarPerm modified mode [ 'binding.gyp', 420, 438 ]
79 silly gunzTarPerm extractEntry lib/sql.js
80 silly gunzTarPerm modified mode [ 'lib/sql.js', 420, 438 ]
81 silly gunzTarPerm extractEntry src/OdbcOperation.cpp
82 silly gunzTarPerm modified mode [ 'src/OdbcOperation.cpp', 420, 438 ]
83 silly gunzTarPerm extractEntry src/Column.h
84 silly gunzTarPerm modified mode [ 'src/Column.h', 420, 438 ]
85 silly gunzTarPerm extractEntry src/Connection.h
86 silly gunzTarPerm modified mode [ 'src/Connection.h', 420, 438 ]
87 silly gunzTarPerm extractEntry src/OdbcConnection.cpp
88 silly gunzTarPerm modified mode [ 'src/OdbcConnection.cpp', 420, 438 ]
89 silly gunzTarPerm extractEntry src/OdbcConnection.h
90 silly gunzTarPerm modified mode [ 'src/OdbcConnection.h', 420, 438 ]
91 silly gunzTarPerm extractEntry src/OdbcConnectionBridge.h
92 silly gunzTarPerm modified mode [ 'src/OdbcConnectionBridge.h', 420, 438 ]
93 silly gunzTarPerm extractEntry src/OdbcException.cpp
94 silly gunzTarPerm modified mode [ 'src/OdbcException.cpp', 420, 438 ]
95 silly gunzTarPerm extractEntry src/OdbcException.h
96 silly gunzTarPerm modified mode [ 'src/OdbcException.h', 420, 438 ]
97 silly gunzTarPerm extractEntry src/OdbcHandle.h
98 silly gunzTarPerm modified mode [ 'src/OdbcHandle.h', 420, 438 ]
99 silly gunzTarPerm extractEntry src/Connection.cpp
100 silly gunzTarPerm modified mode [ 'src/Connection.cpp', 420, 438 ]
101 silly gunzTarPerm extractEntry src/OdbcOperation.h
102 silly gunzTarPerm modified mode [ 'src/OdbcOperation.h', 420, 438 ]
103 silly gunzTarPerm extractEntry src/Operation.h
104 silly gunzTarPerm modified mode [ 'src/Operation.h', 420, 438 ]
105 silly gunzTarPerm extractEntry src/ResultSet.cpp
106 silly gunzTarPerm modified mode [ 'src/ResultSet.cpp', 420, 438 ]
107 silly gunzTarPerm extractEntry src/ResultSet.h
108 silly gunzTarPerm modified mode [ 'src/ResultSet.h', 420, 438 ]
109 silly gunzTarPerm extractEntry src/stdafx.cpp
110 silly gunzTarPerm modified mode [ 'src/stdafx.cpp', 420, 438 ]
111 silly gunzTarPerm extractEntry src/stdafx.h
112 silly gunzTarPerm modified mode [ 'src/stdafx.h', 420, 438 ]
113 silly gunzTarPerm extractEntry src/Utility.cpp
114 silly gunzTarPerm modified mode [ 'src/Utility.cpp', 420, 438 ]
115 silly gunzTarPerm extractEntry src/Utility.h
116 silly gunzTarPerm modified mode [ 'src/Utility.h', 420, 438 ]
117 silly gunzTarPerm extractEntry test/connect.js
118 silly gunzTarPerm modified mode [ 'test/connect.js', 420, 438 ]
119 silly gunzTarPerm extractEntry test/query.js
120 silly gunzTarPerm modified mode [ 'test/query.js', 420, 438 ]
121 silly gunzTarPerm extractEntry test/runtests.js
122 silly gunzTarPerm modified mode [ 'test/runtests.js', 420, 438 ]
123 silly gunzTarPerm extractEntry test/test-config.js
124 silly gunzTarPerm modified mode [ 'test/test-config.js', 420, 438 ]
125 silly gunzTarPerm extractEntry test/txn.js
126 silly gunzTarPerm modified mode [ 'test/txn.js', 420, 438 ]
127 silly gunzTarPerm extractEntry test/testlist.txt
128 silly gunzTarPerm modified mode [ 'test/testlist.txt', 420, 438 ]
129 verbose write writing to c:\Users\dmika\Documents\vue\node_modules\node-sqlserver\package.json
130 info preinstall node-sqlserver@0.1.0
131 verbose readDependencies loading dependencies from c:\Users\dmika\Documents\vue\node_modules\node-sqlserver\package.json
132 verbose readDependencies loading dependencies from c:\Users\dmika\Documents\vue\node_modules\node-sqlserver\package.json
133 silly install resolved []
134 verbose about to build c:\Users\dmika\Documents\vue\node_modules\node-sqlserver
135 info build c:\Users\dmika\Documents\vue\node_modules\node-sqlserver
136 info linkStuff node-sqlserver@0.1.0
137 silly linkStuff node-sqlserver@0.1.0 has c:\Users\dmika\Documents\vue\node_modules as its parent node_modules
138 verbose linkBins node-sqlserver@0.1.0
139 verbose linkMans node-sqlserver@0.1.0
140 verbose rebuildBundles node-sqlserver@0.1.0
141 info install node-sqlserver@0.1.0
142 verbose unsafe-perm in lifecycle true
143 info node-sqlserver@0.1.0 Failed to exec install script
144 verbose unlock done using C:\Users\dmika\AppData\Roaming\npm-cache\_locks\node-sqlserver-d4c6ddd052fad116.lock for c:\Users\dmika\Documents\vue\node_modules\node-sqlserver
145 verbose stack Error: node-sqlserver@0.1.0 install: `node-gyp rebuild`
145 verbose stack Exit status 1
145 verbose stack     at EventEmitter.<anonymous> (c:\Program Files\nodejs\node_modules\npm\lib\utils\lifecycle.js:214:16)
145 verbose stack     at emitTwo (events.js:87:13)
145 verbose stack     at EventEmitter.emit (events.js:172:7)
145 verbose stack     at ChildProcess.<anonymous> (c:\Program Files\nodejs\node_modules\npm\lib\utils\spawn.js:24:14)
145 verbose stack     at emitTwo (events.js:87:13)
145 verbose stack     at ChildProcess.emit (events.js:172:7)
145 verbose stack     at maybeClose (internal/child_process.js:817:16)
145 verbose stack     at Process.ChildProcess._handle.onexit (internal/child_process.js:211:5)
146 verbose pkgid node-sqlserver@0.1.0
147 verbose cwd c:\Users\dmika\Documents\vue
148 error Windows_NT 6.3.9600
149 error argv "c:\\Program Files\\nodejs\\node.exe" "c:\\Program Files\\nodejs\\node_modules\\npm\\bin\\npm-cli.js" "install" "node-sqlserver"
150 error node v4.1.1
151 error npm  v2.14.4
152 error code ELIFECYCLE
153 error node-sqlserver@0.1.0 install: `node-gyp rebuild`
153 error Exit status 1
154 error Failed at the node-sqlserver@0.1.0 install script 'node-gyp rebuild'.
154 error This is most likely a problem with the node-sqlserver package,
154 error not with npm itself.
154 error Tell the author that this fails on your system:
154 error     node-gyp rebuild
154 error You can get their info via:
154 error     npm owner ls node-sqlserver
154 error There is likely additional logging output above.
155 verbose exit [ 1, true ]
156 verbose unbuild node_modules\node-sqlserver
157 info preuninstall node-sqlserver@0.1.0
158 info uninstall node-sqlserver@0.1.0
159 verbose unbuild rmStuff node-sqlserver@0.1.0 from c:\Users\dmika\Documents\vue\node_modules
160 info postuninstall node-sqlserver@0.1.0
161 silly gentlyRm c:\Users\dmika\Documents\vue\node_modules\node-sqlserver is being purged from base c:\Users\dmika\Documents\vue
162 verbose gentlyRm don't care about contents; nuking c:\Users\dmika\Documents\vue\node_modules\node-sqlserver
163 silly vacuum-fs purging c:\Users\dmika\Documents\vue\node_modules\node-sqlserver
164 silly vacuum-fs quitting because other entries in c:\Users\dmika\Documents\vue\node_modules
